<?xml version="1.0" encoding="UTF-8"?>
<!-- Generated by org.testng.reporters.JUnitXMLReporter -->
<testsuite ignored="1" hostname="DESKTOP-7O45JHH" failures="0" tests="7" name="AutomationTest" time="71.762" errors="0" timestamp="18 Feb 2022 19:01:46 GMT">
  <testcase classname="com.selenium.MavenProject.NewTest" name="f" time="0.005"/>
  <testcase classname="com.selenium.MavenProject.LinksTesting" name="LinksTestingTest" time="6.973"/>
  <testcase classname="com.selenium.MavenProject.RadioButton1" name="RadioButton1Test" time="5.661"/>
  <testcase classname="com.selenium.MavenProject.TNG__002" name="TNG__002Test" time="2.657"/>
  <testcase classname="com.selenium.MavenProject.CheckBox1" name="CheckBoxTest" time="2.148"/>
  <testcase classname="com.selenium.MavenProject.TNG__001" name="f" time="0.002"/>
  <testcase classname="com.selenium.MavenProject.TNG__001" name="a" time="0.001"/>
  <testcase classname="com.selenium.MavenProject.TNG__001" name="z" time="0.0">
    <ignored/>
  </testcase> <!-- z -->
</testsuite> <!-- AutomationTest -->
